<testsuites name="jest tests" tests="10" failures="0" time="8.81">
  <testsuite name="RemoteMongoClient" errors="0" failures="0" skipped="0" timestamp="2018-10-15T02:54:26" time="7.94" tests="10">
    <testcase classname="RemoteMongoClient should count" name="RemoteMongoClient should count" time="0.209">
    </testcase>
    <testcase classname="RemoteMongoClient should find" name="RemoteMongoClient should find" time="0.221">
    </testcase>
    <testcase classname="RemoteMongoClient should aggregate" name="RemoteMongoClient should aggregate" time="0.255">
    </testcase>
    <testcase classname="RemoteMongoClient should insert one" name="RemoteMongoClient should insert one" time="0.121">
    </testcase>
    <testcase classname="RemoteMongoClient should insert many" name="RemoteMongoClient should insert many" time="0.143">
    </testcase>
    <testcase classname="RemoteMongoClient should delete one" name="RemoteMongoClient should delete one" time="0.172">
    </testcase>
    <testcase classname="RemoteMongoClient should delete many" name="RemoteMongoClient should delete many" time="0.181">
    </testcase>
    <testcase classname="RemoteMongoClient should update one" name="RemoteMongoClient should update one" time="0.173">
    </testcase>
    <testcase classname="RemoteMongoClient should update many" name="RemoteMongoClient should update many" time="0.193">
    </testcase>
    <testcase classname="RemoteMongoClient should decode properly" name="RemoteMongoClient should decode properly" time="0.191">
    </testcase>
  </testsuite>
</testsuites>