<testsuites name="jest tests" tests="1" failures="0" time="10.714">
  <testsuite name="AwsSesService should" errors="0" failures="0" skipped="0" timestamp="2018-10-15T02:53:59" time="8.454" tests="1">
    <testcase classname="AwsSesService should should send message" name="AwsSesService should should send message" time="0.79">
    </testcase>
  </testsuite>
</testsuites>