<testsuites name="jest tests" tests="1" failures="0" time="8.78">
  <testsuite name="AwsSesService should" errors="0" failures="0" skipped="0" timestamp="2018-10-15T02:53:44" time="7.44" tests="1">
    <testcase classname="AwsSesService should should send message" name="AwsSesService should should send message" time="0.913">
    </testcase>
  </testsuite>
</testsuites>