<testsuites name="jest tests" tests="1" failures="0" time="8.406">
  <testsuite name="AwsS3ServiceClient" errors="0" failures="0" skipped="0" timestamp="2018-10-15T02:54:16" time="7.438" tests="1">
    <testcase classname="AwsS3ServiceClient should put object" name="AwsS3ServiceClient should put object" time="2.087">
    </testcase>
  </testsuite>
</testsuites>