<testsuites name="jest tests" tests="1" failures="0" time="8.65">
  <testsuite name="HttpServiceClient" errors="0" failures="0" skipped="0" timestamp="2018-10-15T02:53:44" time="7.332" tests="1">
    <testcase classname="HttpServiceClient should execute" name="HttpServiceClient should execute" time="0.86">
    </testcase>
  </testsuite>
</testsuites>