<testsuites name="jest tests" tests="1" failures="0" time="8.462">
  <testsuite name="AwsServiceClient" errors="0" failures="0" skipped="0" timestamp="2018-10-15T02:54:23" time="6.957" tests="1">
    <testcase classname="AwsServiceClient should put object" name="AwsServiceClient should put object" time="1.965">
    </testcase>
  </testsuite>
</testsuites>