<testsuites name="jest tests" tests="1" failures="0" time="6.956">
  <testsuite name="AwsSesService should" errors="0" failures="0" skipped="0" timestamp="2018-10-15T02:54:19" time="5.916" tests="1">
    <testcase classname="AwsSesService should should send message" name="AwsSesService should should send message" time="0.528">
    </testcase>
  </testsuite>
</testsuites>