<testsuites name="jest tests" tests="13" failures="0" time="7.178">
  <testsuite name="CoreRemoteMongoDatabase" errors="0" failures="0" skipped="0" timestamp="2018-10-15T02:53:24" time="4.169" tests="2">
    <testcase classname="CoreRemoteMongoDatabase should get name" name="CoreRemoteMongoDatabase should get name" time="0.062">
    </testcase>
    <testcase classname="CoreRemoteMongoDatabase should get collection" name="CoreRemoteMongoDatabase should get collection" time="0.01">
    </testcase>
  </testsuite>
  <testsuite name="CoreRemoteMongoClient" errors="0" failures="0" skipped="0" timestamp="2018-10-15T02:53:24" time="4.081" tests="1">
    <testcase classname="CoreRemoteMongoClient should get database" name="CoreRemoteMongoClient should get database" time="0.012">
    </testcase>
  </testsuite>
  <testsuite name="CoreRemoteMongoCollection" errors="0" failures="0" skipped="0" timestamp="2018-10-15T02:53:24" time="4.232" tests="10">
    <testcase classname="CoreRemoteMongoCollection should get namespace" name="CoreRemoteMongoCollection should get namespace" time="0.04">
    </testcase>
    <testcase classname="CoreRemoteMongoCollection should test count" name="CoreRemoteMongoCollection should test count" time="0.034">
    </testcase>
    <testcase classname="CoreRemoteMongoCollection should find" name="CoreRemoteMongoCollection should find" time="0.023">
    </testcase>
    <testcase classname="CoreRemoteMongoCollection should aggregate" name="CoreRemoteMongoCollection should aggregate" time="0.005">
    </testcase>
    <testcase classname="CoreRemoteMongoCollection should insert one" name="CoreRemoteMongoCollection should insert one" time="0.004">
    </testcase>
    <testcase classname="CoreRemoteMongoCollection should insert many" name="CoreRemoteMongoCollection should insert many" time="0.017">
    </testcase>
    <testcase classname="CoreRemoteMongoCollection should delete one" name="CoreRemoteMongoCollection should delete one" time="0.002">
    </testcase>
    <testcase classname="CoreRemoteMongoCollection should delete many" name="CoreRemoteMongoCollection should delete many" time="0.001">
    </testcase>
    <testcase classname="CoreRemoteMongoCollection should update one" name="CoreRemoteMongoCollection should update one" time="0.003">
    </testcase>
    <testcase classname="CoreRemoteMongoCollection should update many" name="CoreRemoteMongoCollection should update many" time="0.026">
    </testcase>
  </testsuite>
</testsuites>