<testsuites name="jest tests" tests="2" failures="0" time="5.692">
  <testsuite name="CoreTwilioServiceClientUnitTests" errors="0" failures="0" skipped="0" timestamp="2018-10-15T02:53:24" time="3.873" tests="2">
    <testcase classname="CoreTwilioServiceClientUnitTests should send message" name="CoreTwilioServiceClientUnitTests should send message" time="0.033">
    </testcase>
    <testcase classname="CoreTwilioServiceClientUnitTests should send message with media" name="CoreTwilioServiceClientUnitTests should send message with media" time="0.002">
    </testcase>
  </testsuite>
</testsuites>