<testsuites name="jest tests" tests="10" failures="0" time="10.787">
  <testsuite name="RemoteMongoClient" errors="0" failures="0" skipped="0" timestamp="2018-10-15T02:53:54" time="9.533" tests="10">
    <testcase classname="RemoteMongoClient should count" name="RemoteMongoClient should count" time="0.243">
    </testcase>
    <testcase classname="RemoteMongoClient should find" name="RemoteMongoClient should find" time="0.252">
    </testcase>
    <testcase classname="RemoteMongoClient should aggregate" name="RemoteMongoClient should aggregate" time="0.4">
    </testcase>
    <testcase classname="RemoteMongoClient should insert one" name="RemoteMongoClient should insert one" time="0.18">
    </testcase>
    <testcase classname="RemoteMongoClient should insert many" name="RemoteMongoClient should insert many" time="0.16">
    </testcase>
    <testcase classname="RemoteMongoClient should delete one" name="RemoteMongoClient should delete one" time="0.241">
    </testcase>
    <testcase classname="RemoteMongoClient should delete many" name="RemoteMongoClient should delete many" time="0.221">
    </testcase>
    <testcase classname="RemoteMongoClient should update one" name="RemoteMongoClient should update one" time="0.284">
    </testcase>
    <testcase classname="RemoteMongoClient should update many" name="RemoteMongoClient should update many" time="0.425">
    </testcase>
    <testcase classname="RemoteMongoClient should decode properly" name="RemoteMongoClient should decode properly" time="0.278">
    </testcase>
  </testsuite>
</testsuites>