<testsuites name="jest tests" tests="1" failures="0" time="10.441">
  <testsuite name="AwsServiceClient" errors="0" failures="0" skipped="0" timestamp="2018-10-15T02:54:05" time="8.614" tests="1">
    <testcase classname="AwsServiceClient should put object" name="AwsServiceClient should put object" time="1.599">
    </testcase>
  </testsuite>
</testsuites>