<testsuites name="jest tests" tests="1" failures="0" time="10.09">
  <testsuite name="TwilioService" errors="0" failures="0" skipped="0" timestamp="2018-10-15T02:54:12" time="8.287" tests="1">
    <testcase classname="TwilioService should send message" name="TwilioService should send message" time="0.99">
    </testcase>
  </testsuite>
</testsuites>