<testsuites name="jest tests" tests="1" failures="0" time="4.11">
  <testsuite name="CoreAwsSesServiceClient" errors="0" failures="0" skipped="0" timestamp="2018-10-15T02:53:17" time="2.738" tests="1">
    <testcase classname="CoreAwsSesServiceClient should send message" name="CoreAwsSesServiceClient should send message" time="0.016">
    </testcase>
  </testsuite>
</testsuites>