<testsuites name="jest tests" tests="10" failures="0" time="13.599">
  <testsuite name="RemoteMongoClient" errors="0" failures="0" skipped="0" timestamp="2018-10-15T02:54:12" time="11.621" tests="10">
    <testcase classname="RemoteMongoClient should count" name="RemoteMongoClient should count" time="0.415">
    </testcase>
    <testcase classname="RemoteMongoClient should find" name="RemoteMongoClient should find" time="0.277">
    </testcase>
    <testcase classname="RemoteMongoClient should aggregate" name="RemoteMongoClient should aggregate" time="0.341">
    </testcase>
    <testcase classname="RemoteMongoClient should insert one" name="RemoteMongoClient should insert one" time="0.165">
    </testcase>
    <testcase classname="RemoteMongoClient should insert many" name="RemoteMongoClient should insert many" time="0.2">
    </testcase>
    <testcase classname="RemoteMongoClient should delete one" name="RemoteMongoClient should delete one" time="0.311">
    </testcase>
    <testcase classname="RemoteMongoClient should delete many" name="RemoteMongoClient should delete many" time="0.227">
    </testcase>
    <testcase classname="RemoteMongoClient should update one" name="RemoteMongoClient should update one" time="0.185">
    </testcase>
    <testcase classname="RemoteMongoClient should update many" name="RemoteMongoClient should update many" time="0.261">
    </testcase>
    <testcase classname="RemoteMongoClient should decode properly" name="RemoteMongoClient should decode properly" time="0.227">
    </testcase>
  </testsuite>
</testsuites>