<testsuites name="jest tests" tests="1" failures="0" time="4.202">
  <testsuite name="CoreAwsS3ServiceClient" errors="0" failures="0" skipped="0" timestamp="2018-10-15T02:53:17" time="2.754" tests="1">
    <testcase classname="CoreAwsS3ServiceClient should put object" name="CoreAwsS3ServiceClient should put object" time="0.023">
    </testcase>
  </testsuite>
</testsuites>