<testsuites name="jest tests" tests="2" failures="0" time="6.937">
  <testsuite name="HttpRequest" errors="0" failures="0" skipped="0" timestamp="2018-10-15T02:53:24" time="3.161" tests="1">
    <testcase classname="HttpRequest should build" name="HttpRequest should build" time="0.028">
    </testcase>
  </testsuite>
  <testsuite name="CoreHttpServiceClient" errors="0" failures="0" skipped="0" timestamp="2018-10-15T02:53:24" time="4.03" tests="1">
    <testcase classname="CoreHttpServiceClient should execute" name="CoreHttpServiceClient should execute" time="0.037">
    </testcase>
  </testsuite>
</testsuites>