<testsuites name="jest tests" tests="1" failures="0" time="11.85">
  <testsuite name="AwsS3ServiceClient" errors="0" failures="0" skipped="0" timestamp="2018-10-15T02:53:57" time="9.805" tests="1">
    <testcase classname="AwsS3ServiceClient should put object" name="AwsS3ServiceClient should put object" time="1.795">
    </testcase>
  </testsuite>
</testsuites>