<testsuites name="jest tests" tests="1" failures="0" time="6.805">
  <testsuite name="HttpServiceClient" errors="0" failures="0" skipped="0" timestamp="2018-10-15T02:54:26" time="5.828" tests="1">
    <testcase classname="HttpServiceClient should execute" name="HttpServiceClient should execute" time="0.957">
    </testcase>
  </testsuite>
</testsuites>