<testsuites name="jest tests" tests="1" failures="0" time="10.131">
  <testsuite name="AwsS3ServiceClient" errors="0" failures="0" skipped="0" timestamp="2018-10-15T02:53:44" time="8.443" tests="1">
    <testcase classname="AwsS3ServiceClient should put object" name="AwsS3ServiceClient should put object" time="1.666">
    </testcase>
  </testsuite>
</testsuites>