<testsuites name="jest tests" tests="1" failures="0" time="9.5">
  <testsuite name="AwsServiceClient" errors="0" failures="0" skipped="0" timestamp="2018-10-15T02:53:44" time="8.091" tests="1">
    <testcase classname="AwsServiceClient should put object" name="AwsServiceClient should put object" time="1.5">
    </testcase>
  </testsuite>
</testsuites>