<testsuites name="jest tests" tests="1" failures="0" time="9.612">
  <testsuite name="HttpServiceClient" errors="0" failures="0" skipped="0" timestamp="2018-10-15T02:54:09" time="7.937" tests="1">
    <testcase classname="HttpServiceClient should execute" name="HttpServiceClient should execute" time="0.798">
    </testcase>
  </testsuite>
</testsuites>