<testsuites name="jest tests" tests="2" failures="0" time="4.812">
  <testsuite name="AwsRequest" errors="0" failures="0" skipped="0" timestamp="2018-10-15T02:53:17" time="2.312" tests="1">
    <testcase classname="AwsRequest should build" name="AwsRequest should build" time="0.012">
    </testcase>
  </testsuite>
  <testsuite name="CoreAwsServiceClient" errors="0" failures="0" skipped="0" timestamp="2018-10-15T02:53:17" time="2.798" tests="1">
    <testcase classname="CoreAwsServiceClient should execute" name="CoreAwsServiceClient should execute" time="0.02">
    </testcase>
  </testsuite>
</testsuites>